{"/Users/levifry/repos/tarot/src/displayCard.js": {"path":"/Users/levifry/repos/tarot/src/displayCard.js","statementMap":{"0":{"start":{"line":2,"column":12},"end":{"line":2,"column":13}},"1":{"start":{"line":4,"column":20},"end":{"line":59,"column":1}},"2":{"start":{"line":5,"column":18},"end":{"line":5,"column":43}},"3":{"start":{"line":7,"column":20},"end":{"line":7,"column":59}},"4":{"start":{"line":9,"column":16},"end":{"line":9,"column":45}},"5":{"start":{"line":10,"column":2},"end":{"line":10,"column":29}},"6":{"start":{"line":11,"column":2},"end":{"line":11,"column":40}},"7":{"start":{"line":14,"column":21},"end":{"line":14,"column":50}},"8":{"start":{"line":15,"column":2},"end":{"line":15,"column":40}},"9":{"start":{"line":17,"column":21},"end":{"line":17,"column":50}},"10":{"start":{"line":18,"column":2},"end":{"line":18,"column":40}},"11":{"start":{"line":20,"column":20},"end":{"line":20,"column":49}},"12":{"start":{"line":21,"column":2},"end":{"line":21,"column":38}},"13":{"start":{"line":22,"column":19},"end":{"line":22,"column":48}},"14":{"start":{"line":23,"column":2},"end":{"line":23,"column":38}},"15":{"start":{"line":25,"column":20},"end":{"line":25,"column":49}},"16":{"start":{"line":26,"column":2},"end":{"line":26,"column":38}},"17":{"start":{"line":28,"column":23},"end":{"line":28,"column":52}},"18":{"start":{"line":29,"column":2},"end":{"line":29,"column":44}},"19":{"start":{"line":31,"column":27},"end":{"line":31,"column":70}},"20":{"start":{"line":33,"column":16},"end":{"line":33,"column":45}},"21":{"start":{"line":34,"column":2},"end":{"line":34,"column":25}},"22":{"start":{"line":35,"column":2},"end":{"line":35,"column":34}},"23":{"start":{"line":36,"column":2},"end":{"line":36,"column":36}},"24":{"start":{"line":37,"column":2},"end":{"line":37,"column":45}},"25":{"start":{"line":38,"column":2},"end":{"line":38,"column":43}},"26":{"start":{"line":41,"column":2},"end":{"line":44,"column":3}},"27":{"start":{"line":42,"column":4},"end":{"line":42,"column":42}},"28":{"start":{"line":43,"column":4},"end":{"line":43,"column":48}},"29":{"start":{"line":46,"column":2},"end":{"line":46,"column":42}},"30":{"start":{"line":47,"column":2},"end":{"line":47,"column":39}},"31":{"start":{"line":48,"column":2},"end":{"line":48,"column":40}},"32":{"start":{"line":49,"column":2},"end":{"line":49,"column":41}},"33":{"start":{"line":50,"column":2},"end":{"line":50,"column":40}},"34":{"start":{"line":51,"column":2},"end":{"line":51,"column":36}},"35":{"start":{"line":53,"column":2},"end":{"line":53,"column":35}},"36":{"start":{"line":55,"column":2},"end":{"line":55,"column":50}},"37":{"start":{"line":57,"column":2},"end":{"line":57,"column":36}},"38":{"start":{"line":58,"column":2},"end":{"line":58,"column":10}}},"fnMap":{"0":{"name":"(anonymous_0)","decl":{"start":{"line":4,"column":20},"end":{"line":4,"column":21}},"loc":{"start":{"line":4,"column":30},"end":{"line":59,"column":1}},"line":4}},"branchMap":{"0":{"loc":{"start":{"line":41,"column":2},"end":{"line":44,"column":3}},"type":"if","locations":[{"start":{"line":41,"column":2},"end":{"line":44,"column":3}},{"start":{},"end":{}}],"line":41}},"s":{"0":2,"1":2,"2":3,"3":3,"4":3,"5":3,"6":3,"7":3,"8":3,"9":3,"10":3,"11":3,"12":3,"13":3,"14":3,"15":3,"16":3,"17":3,"18":3,"19":3,"20":3,"21":3,"22":3,"23":3,"24":3,"25":3,"26":3,"27":1,"28":1,"29":3,"30":3,"31":3,"32":3,"33":3,"34":3,"35":3,"36":3,"37":3,"38":3},"f":{"0":3},"b":{"0":[1,2]},"_coverageSchema":"1a1c01bbd47fc00a2c39e90264f33305004495a9","hash":"9eb3730c4150b768155216e9b99fdb40368eacd3"}
,"/Users/levifry/repos/tarot/src/getCards.js": {"path":"/Users/levifry/repos/tarot/src/getCards.js","statementMap":{"0":{"start":{"line":3,"column":17},"end":{"line":14,"column":1}},"1":{"start":{"line":4,"column":2},"end":{"line":13,"column":5}},"2":{"start":{"line":5,"column":20},"end":{"line":5,"column":35}},"3":{"start":{"line":7,"column":4},"end":{"line":10,"column":7}},"4":{"start":{"line":8,"column":18},"end":{"line":8,"column":43}},"5":{"start":{"line":9,"column":6},"end":{"line":9,"column":23}},"6":{"start":{"line":11,"column":4},"end":{"line":11,"column":22}}},"fnMap":{"0":{"name":"(anonymous_0)","decl":{"start":{"line":3,"column":17},"end":{"line":3,"column":18}},"loc":{"start":{"line":3,"column":34},"end":{"line":14,"column":1}},"line":3},"1":{"name":"(anonymous_1)","decl":{"start":{"line":5,"column":8},"end":{"line":5,"column":9}},"loc":{"start":{"line":5,"column":20},"end":{"line":5,"column":35}},"line":5},"2":{"name":"(anonymous_2)","decl":{"start":{"line":6,"column":8},"end":{"line":6,"column":9}},"loc":{"start":{"line":6,"column":16},"end":{"line":13,"column":3}},"line":6},"3":{"name":"(anonymous_3)","decl":{"start":{"line":7,"column":23},"end":{"line":7,"column":24}},"loc":{"start":{"line":7,"column":31},"end":{"line":10,"column":5}},"line":7}},"branchMap":{},"s":{"0":2,"1":2,"2":2,"3":2,"4":6,"5":6,"6":2},"f":{"0":2,"1":2,"2":2,"3":6},"b":{},"_coverageSchema":"1a1c01bbd47fc00a2c39e90264f33305004495a9","hash":"40c6e9c8862c673c73312cbb17654096e20b81f5"}
,"/Users/levifry/repos/tarot/src/handleCursor.js": {"path":"/Users/levifry/repos/tarot/src/handleCursor.js","statementMap":{"0":{"start":{"line":1,"column":18},"end":{"line":1,"column":23}},"1":{"start":{"line":2,"column":18},"end":{"line":2,"column":23}},"2":{"start":{"line":5,"column":14},"end":{"line":5,"column":19}},"3":{"start":{"line":7,"column":21},"end":{"line":103,"column":1}},"4":{"start":{"line":8,"column":4},"end":{"line":15,"column":5}},"5":{"start":{"line":9,"column":4},"end":{"line":9,"column":23}},"6":{"start":{"line":10,"column":4},"end":{"line":10,"column":44}},"7":{"start":{"line":11,"column":4},"end":{"line":11,"column":71}},"8":{"start":{"line":12,"column":4},"end":{"line":12,"column":41}},"9":{"start":{"line":13,"column":4},"end":{"line":13,"column":51}},"10":{"start":{"line":14,"column":4},"end":{"line":14,"column":27}},"11":{"start":{"line":18,"column":21},"end":{"line":18,"column":40}},"12":{"start":{"line":20,"column":2},"end":{"line":30,"column":5}},"13":{"start":{"line":21,"column":4},"end":{"line":29,"column":5}},"14":{"start":{"line":22,"column":6},"end":{"line":22,"column":11}},"15":{"start":{"line":24,"column":6},"end":{"line":28,"column":7}},"16":{"start":{"line":25,"column":8},"end":{"line":25,"column":48}},"17":{"start":{"line":27,"column":8},"end":{"line":27,"column":45}},"18":{"start":{"line":32,"column":2},"end":{"line":73,"column":4}},"19":{"start":{"line":45,"column":4},"end":{"line":45,"column":44}},"20":{"start":{"line":46,"column":4},"end":{"line":46,"column":71}},"21":{"start":{"line":47,"column":4},"end":{"line":56,"column":5}},"22":{"start":{"line":48,"column":6},"end":{"line":48,"column":21}},"23":{"start":{"line":49,"column":6},"end":{"line":49,"column":25}},"24":{"start":{"line":50,"column":6},"end":{"line":50,"column":52}},"25":{"start":{"line":51,"column":11},"end":{"line":56,"column":5}},"26":{"start":{"line":52,"column":6},"end":{"line":52,"column":42}},"27":{"start":{"line":53,"column":11},"end":{"line":56,"column":5}},"28":{"start":{"line":54,"column":6},"end":{"line":54,"column":26}},"29":{"start":{"line":55,"column":6},"end":{"line":55,"column":64}},"30":{"start":{"line":84,"column":2},"end":{"line":88,"column":5}},"31":{"start":{"line":85,"column":4},"end":{"line":85,"column":24}},"32":{"start":{"line":86,"column":4},"end":{"line":86,"column":22}},"33":{"start":{"line":87,"column":4},"end":{"line":87,"column":44}},"34":{"start":{"line":90,"column":2},"end":{"line":95,"column":4}},"35":{"start":{"line":91,"column":4},"end":{"line":91,"column":23}},"36":{"start":{"line":92,"column":4},"end":{"line":92,"column":41}},"37":{"start":{"line":93,"column":4},"end":{"line":93,"column":51}},"38":{"start":{"line":97,"column":2},"end":{"line":101,"column":5}},"39":{"start":{"line":98,"column":4},"end":{"line":98,"column":24}},"40":{"start":{"line":99,"column":4},"end":{"line":99,"column":21}},"41":{"start":{"line":100,"column":4},"end":{"line":100,"column":44}},"42":{"start":{"line":105,"column":20},"end":{"line":114,"column":1}},"43":{"start":{"line":107,"column":2},"end":{"line":107,"column":42}},"44":{"start":{"line":108,"column":2},"end":{"line":108,"column":52}},"45":{"start":{"line":109,"column":2},"end":{"line":113,"column":11}},"46":{"start":{"line":110,"column":4},"end":{"line":112,"column":5}},"47":{"start":{"line":111,"column":6},"end":{"line":111,"column":17}},"48":{"start":{"line":116,"column":20},"end":{"line":120,"column":1}},"49":{"start":{"line":117,"column":27},"end":{"line":117,"column":70}},"50":{"start":{"line":118,"column":2},"end":{"line":118,"column":44}},"51":{"start":{"line":119,"column":2},"end":{"line":119,"column":47}},"52":{"start":{"line":122,"column":17},"end":{"line":126,"column":1}},"53":{"start":{"line":123,"column":27},"end":{"line":123,"column":70}},"54":{"start":{"line":124,"column":4},"end":{"line":124,"column":46}},"55":{"start":{"line":125,"column":4},"end":{"line":125,"column":38}}},"fnMap":{"0":{"name":"(anonymous_0)","decl":{"start":{"line":7,"column":21},"end":{"line":7,"column":22}},"loc":{"start":{"line":7,"column":60},"end":{"line":103,"column":1}},"line":7},"1":{"name":"(anonymous_1)","decl":{"start":{"line":8,"column":43},"end":{"line":8,"column":44}},"loc":{"start":{"line":8,"column":54},"end":{"line":15,"column":3}},"line":8},"2":{"name":"(anonymous_2)","decl":{"start":{"line":20,"column":41},"end":{"line":20,"column":42}},"loc":{"start":{"line":20,"column":52},"end":{"line":30,"column":3}},"line":20},"3":{"name":"(anonymous_3)","decl":{"start":{"line":32,"column":41},"end":{"line":32,"column":42}},"loc":{"start":{"line":32,"column":52},"end":{"line":73,"column":3}},"line":32},"4":{"name":"(anonymous_4)","decl":{"start":{"line":84,"column":41},"end":{"line":84,"column":42}},"loc":{"start":{"line":84,"column":52},"end":{"line":88,"column":3}},"line":84},"5":{"name":"(anonymous_5)","decl":{"start":{"line":90,"column":52},"end":{"line":90,"column":53}},"loc":{"start":{"line":90,"column":63},"end":{"line":95,"column":3}},"line":90},"6":{"name":"(anonymous_6)","decl":{"start":{"line":97,"column":52},"end":{"line":97,"column":53}},"loc":{"start":{"line":97,"column":63},"end":{"line":101,"column":3}},"line":97},"7":{"name":"(anonymous_7)","decl":{"start":{"line":105,"column":20},"end":{"line":105,"column":21}},"loc":{"start":{"line":105,"column":30},"end":{"line":114,"column":1}},"line":105},"8":{"name":"(anonymous_8)","decl":{"start":{"line":109,"column":20},"end":{"line":109,"column":21}},"loc":{"start":{"line":109,"column":31},"end":{"line":113,"column":3}},"line":109},"9":{"name":"(anonymous_9)","decl":{"start":{"line":116,"column":20},"end":{"line":116,"column":21}},"loc":{"start":{"line":116,"column":44},"end":{"line":120,"column":1}},"line":116},"10":{"name":"(anonymous_10)","decl":{"start":{"line":122,"column":17},"end":{"line":122,"column":18}},"loc":{"start":{"line":122,"column":28},"end":{"line":126,"column":1}},"line":122}},"branchMap":{"0":{"loc":{"start":{"line":21,"column":4},"end":{"line":29,"column":5}},"type":"if","locations":[{"start":{"line":21,"column":4},"end":{"line":29,"column":5}},{"start":{"line":23,"column":11},"end":{"line":29,"column":5}}],"line":21},"1":{"loc":{"start":{"line":24,"column":6},"end":{"line":28,"column":7}},"type":"if","locations":[{"start":{"line":24,"column":6},"end":{"line":28,"column":7}},{"start":{"line":26,"column":13},"end":{"line":28,"column":7}}],"line":24},"2":{"loc":{"start":{"line":47,"column":4},"end":{"line":56,"column":5}},"type":"if","locations":[{"start":{"line":47,"column":4},"end":{"line":56,"column":5}},{"start":{"line":51,"column":11},"end":{"line":56,"column":5}}],"line":47},"3":{"loc":{"start":{"line":51,"column":11},"end":{"line":56,"column":5}},"type":"if","locations":[{"start":{"line":51,"column":11},"end":{"line":56,"column":5}},{"start":{"line":53,"column":11},"end":{"line":56,"column":5}}],"line":51},"4":{"loc":{"start":{"line":53,"column":11},"end":{"line":56,"column":5}},"type":"if","locations":[{"start":{"line":53,"column":11},"end":{"line":56,"column":5}},{"start":{},"end":{}}],"line":53},"5":{"loc":{"start":{"line":110,"column":4},"end":{"line":112,"column":5}},"type":"if","locations":[{"start":{"line":110,"column":4},"end":{"line":112,"column":5}},{"start":{},"end":{}}],"line":110},"6":{"loc":{"start":{"line":110,"column":8},"end":{"line":110,"column":36}},"type":"binary-expr","locations":[{"start":{"line":110,"column":8},"end":{"line":110,"column":20}},{"start":{"line":110,"column":24},"end":{"line":110,"column":36}}],"line":110}},"s":{"0":3,"1":3,"2":3,"3":3,"4":4,"5":0,"6":0,"7":0,"8":0,"9":0,"10":0,"11":4,"12":4,"13":0,"14":0,"15":0,"16":0,"17":0,"18":3,"19":0,"20":0,"21":0,"22":0,"23":0,"24":0,"25":0,"26":0,"27":0,"28":0,"29":0,"30":3,"31":0,"32":0,"33":0,"34":3,"35":0,"36":0,"37":0,"38":3,"39":0,"40":0,"41":0,"42":3,"43":0,"44":0,"45":0,"46":0,"47":0,"48":3,"49":0,"50":0,"51":0,"52":3,"53":0,"54":0,"55":0},"f":{"0":4,"1":0,"2":0,"3":0,"4":0,"5":0,"6":0,"7":0,"8":0,"9":0,"10":0},"b":{"0":[0,0],"1":[0,0],"2":[0,0],"3":[0,0],"4":[0,0],"5":[0,0],"6":[0,0]},"_coverageSchema":"1a1c01bbd47fc00a2c39e90264f33305004495a9","hash":"c1c438c79e33ed49d900d62f331afb075d01b66d"}
,"/Users/levifry/repos/tarot/src/transtionPage.js": {"path":"/Users/levifry/repos/tarot/src/transtionPage.js","statementMap":{"0":{"start":{"line":4,"column":23},"end":{"line":26,"column":1}},"1":{"start":{"line":5,"column":20},"end":{"line":5,"column":57}},"2":{"start":{"line":6,"column":20},"end":{"line":6,"column":59}},"3":{"start":{"line":7,"column":15},"end":{"line":7,"column":45}},"4":{"start":{"line":9,"column":15},"end":{"line":9,"column":53}},"5":{"start":{"line":11,"column":2},"end":{"line":11,"column":34}},"6":{"start":{"line":12,"column":2},"end":{"line":12,"column":28}},"7":{"start":{"line":16,"column":2},"end":{"line":16,"column":30}},"8":{"start":{"line":17,"column":2},"end":{"line":17,"column":36}},"9":{"start":{"line":18,"column":2},"end":{"line":18,"column":34}},"10":{"start":{"line":20,"column":16},"end":{"line":20,"column":38}},"11":{"start":{"line":21,"column":2},"end":{"line":25,"column":5}},"12":{"start":{"line":22,"column":4},"end":{"line":24,"column":20}},"13":{"start":{"line":23,"column":6},"end":{"line":23,"column":24}}},"fnMap":{"0":{"name":"(anonymous_0)","decl":{"start":{"line":4,"column":23},"end":{"line":4,"column":24}},"loc":{"start":{"line":4,"column":49},"end":{"line":26,"column":1}},"line":4},"1":{"name":"(anonymous_1)","decl":{"start":{"line":21,"column":16},"end":{"line":21,"column":17}},"loc":{"start":{"line":21,"column":50},"end":{"line":25,"column":3}},"line":21},"2":{"name":"(anonymous_2)","decl":{"start":{"line":22,"column":15},"end":{"line":22,"column":16}},"loc":{"start":{"line":22,"column":26},"end":{"line":24,"column":5}},"line":22}},"branchMap":{},"s":{"0":1,"1":4,"2":4,"3":4,"4":4,"5":4,"6":0,"7":0,"8":0,"9":0,"10":0,"11":0,"12":0,"13":0},"f":{"0":4,"1":0,"2":0},"b":{},"_coverageSchema":"1a1c01bbd47fc00a2c39e90264f33305004495a9","hash":"5271f0704a08ec1fd3a3db72e8ad5a02053f7116"}
,"/Users/levifry/repos/tarot/src/util/allCards.js": {"path":"/Users/levifry/repos/tarot/src/util/allCards.js","statementMap":{"0":{"start":{"line":1,"column":17},"end":{"line":80,"column":1}}},"fnMap":{},"branchMap":{},"s":{"0":2},"f":{},"b":{},"_coverageSchema":"1a1c01bbd47fc00a2c39e90264f33305004495a9","hash":"7978adddbf5dddf4a9a8ce491ba6f63158dec9e0"}
,"/Users/levifry/repos/tarot/test/mocks/cardObjArr.js": {"path":"/Users/levifry/repos/tarot/test/mocks/cardObjArr.js","statementMap":{"0":{"start":{"line":2,"column":0},"end":{"line":37,"column":1}}},"fnMap":{},"branchMap":{},"s":{"0":2},"f":{},"b":{},"_coverageSchema":"1a1c01bbd47fc00a2c39e90264f33305004495a9","hash":"75cc01f715712373171c3919e732984a3a1c19ef"}
,"/Users/levifry/repos/tarot/test/mocks/fetch.js": {"path":"/Users/levifry/repos/tarot/test/mocks/fetch.js","statementMap":{"0":{"start":{"line":1,"column":0},"end":{"line":39,"column":2}},"1":{"start":{"line":2,"column":2},"end":{"line":38,"column":4}},"2":{"start":{"line":3,"column":16},"end":{"line":37,"column":8}}},"fnMap":{"0":{"name":"(anonymous_0)","decl":{"start":{"line":1,"column":23},"end":{"line":1,"column":24}},"loc":{"start":{"line":2,"column":2},"end":{"line":38,"column":4}},"line":2},"1":{"name":"(anonymous_1)","decl":{"start":{"line":3,"column":10},"end":{"line":3,"column":11}},"loc":{"start":{"line":3,"column":16},"end":{"line":37,"column":8}},"line":3}},"branchMap":{},"s":{"0":2,"1":2,"2":2},"f":{"0":2,"1":2},"b":{},"_coverageSchema":"1a1c01bbd47fc00a2c39e90264f33305004495a9","hash":"6045ad66882d111380980309e15ec9df1940ef75"}
}
