TN:
SF:src/displayCard.js
FN:4,(anonymous_0)
FNF:1
FNH:1
FNDA:3,(anonymous_0)
DA:2,2
DA:4,2
DA:5,3
DA:8,3
DA:10,3
DA:11,3
DA:12,3
DA:15,3
DA:16,3
DA:18,3
DA:19,3
DA:21,3
DA:22,3
DA:23,3
DA:24,3
DA:26,3
DA:27,3
DA:29,3
DA:30,3
DA:32,3
DA:34,3
DA:35,3
DA:36,3
DA:37,3
DA:38,3
DA:39,3
DA:42,3
DA:43,1
DA:44,1
DA:47,3
DA:48,3
DA:49,3
DA:50,3
DA:51,3
DA:52,3
DA:54,3
DA:56,3
DA:58,3
DA:59,3
LF:39
LH:39
BRDA:42,0,0,1
BRDA:42,0,1,2
BRF:2
BRH:2
end_of_record
TN:
SF:src/getCards.js
FN:3,(anonymous_0)
FN:5,(anonymous_1)
FN:6,(anonymous_2)
FN:7,(anonymous_3)
FNF:4
FNH:4
FNDA:2,(anonymous_0)
FNDA:2,(anonymous_1)
FNDA:2,(anonymous_2)
FNDA:6,(anonymous_3)
DA:3,2
DA:4,2
DA:5,2
DA:7,2
DA:8,6
DA:9,6
DA:11,2
LF:7
LH:7
BRF:0
BRH:0
end_of_record
TN:
SF:src/handleCursor.js
FN:6,(anonymous_0)
FN:7,(anonymous_1)
FN:16,(anonymous_2)
FN:21,(anonymous_3)
FN:28,(anonymous_4)
FN:35,(anonymous_5)
FN:39,(anonymous_6)
FN:46,(anonymous_7)
FN:52,(anonymous_8)
FNF:9
FNH:1
FNDA:4,(anonymous_0)
FNDA:0,(anonymous_1)
FNDA:0,(anonymous_2)
FNDA:0,(anonymous_3)
FNDA:0,(anonymous_4)
FNDA:0,(anonymous_5)
FNDA:0,(anonymous_6)
FNDA:0,(anonymous_7)
FNDA:0,(anonymous_8)
DA:1,3
DA:2,3
DA:6,3
DA:7,4
DA:8,0
DA:9,0
DA:10,0
DA:11,0
DA:12,0
DA:13,0
DA:16,3
DA:17,0
DA:18,0
DA:21,3
DA:22,0
DA:23,0
DA:24,0
DA:28,3
DA:29,0
DA:30,0
DA:35,3
DA:37,0
DA:38,0
DA:39,0
DA:40,0
DA:41,0
DA:46,3
DA:47,0
DA:48,0
DA:49,0
DA:52,3
DA:53,0
DA:54,0
DA:55,0
LF:34
LH:10
BRDA:40,0,0,0
BRDA:40,0,1,0
BRDA:40,1,0,0
BRDA:40,1,1,0
BRF:4
BRH:0
end_of_record
TN:
SF:src/transtionPage.js
FN:4,(anonymous_0)
FN:16,(anonymous_1)
FN:17,(anonymous_2)
FNF:3
FNH:0
FNDA:0,(anonymous_0)
FNDA:0,(anonymous_1)
FNDA:0,(anonymous_2)
DA:4,1
DA:5,0
DA:6,0
DA:7,0
DA:9,0
DA:11,0
DA:12,0
DA:13,0
DA:15,0
DA:16,0
DA:17,0
DA:18,0
LF:12
LH:1
BRF:0
BRH:0
end_of_record
TN:
SF:src/util/allCards.js
FNF:0
FNH:0
DA:1,2
LF:1
LH:1
BRF:0
BRH:0
end_of_record
TN:
SF:test/mocks/cardObjArr.js
FNF:0
FNH:0
DA:2,1
LF:1
LH:1
BRF:0
BRH:0
end_of_record
TN:
SF:test/mocks/fetch.js
FN:1,(anonymous_0)
FN:3,(anonymous_1)
FNF:2
FNH:2
FNDA:2,(anonymous_0)
FNDA:2,(anonymous_1)
DA:1,2
DA:2,2
DA:3,2
LF:3
LH:3
BRF:0
BRH:0
end_of_record
