TN:
SF:src/displayCard.js
FN:4,(anonymous_0)
FNF:1
FNH:1
FNDA:3,(anonymous_0)
DA:2,2
DA:4,2
DA:5,3
DA:7,3
DA:9,3
DA:10,3
DA:11,3
DA:14,3
DA:15,3
DA:17,3
DA:18,3
DA:20,3
DA:21,3
DA:22,3
DA:23,3
DA:25,3
DA:26,3
DA:28,3
DA:29,3
DA:31,3
DA:33,3
DA:34,3
DA:35,3
DA:36,3
DA:37,3
DA:38,3
DA:41,3
DA:42,1
DA:43,1
DA:46,3
DA:47,3
DA:48,3
DA:49,3
DA:50,3
DA:51,3
DA:53,3
DA:55,3
DA:57,3
DA:58,3
LF:39
LH:39
BRDA:41,0,0,1
BRDA:41,0,1,2
BRF:2
BRH:2
end_of_record
TN:
SF:src/getCards.js
FN:3,(anonymous_0)
FN:5,(anonymous_1)
FN:6,(anonymous_2)
FN:7,(anonymous_3)
FNF:4
FNH:4
FNDA:2,(anonymous_0)
FNDA:2,(anonymous_1)
FNDA:2,(anonymous_2)
FNDA:6,(anonymous_3)
DA:3,2
DA:4,2
DA:5,2
DA:7,2
DA:8,6
DA:9,6
DA:11,2
LF:7
LH:7
BRF:0
BRH:0
end_of_record
TN:
SF:src/handleCursor.js
FN:7,(anonymous_0)
FN:8,(anonymous_1)
FN:20,(anonymous_2)
FN:32,(anonymous_3)
FN:84,(anonymous_4)
FN:90,(anonymous_5)
FN:97,(anonymous_6)
FN:105,(anonymous_7)
FN:109,(anonymous_8)
FN:116,(anonymous_9)
FN:122,(anonymous_10)
FNF:11
FNH:1
FNDA:4,(anonymous_0)
FNDA:0,(anonymous_1)
FNDA:0,(anonymous_2)
FNDA:0,(anonymous_3)
FNDA:0,(anonymous_4)
FNDA:0,(anonymous_5)
FNDA:0,(anonymous_6)
FNDA:0,(anonymous_7)
FNDA:0,(anonymous_8)
FNDA:0,(anonymous_9)
FNDA:0,(anonymous_10)
DA:1,3
DA:2,3
DA:5,3
DA:7,3
DA:8,4
DA:9,0
DA:10,0
DA:11,0
DA:12,0
DA:13,0
DA:14,0
DA:18,4
DA:20,4
DA:21,0
DA:22,0
DA:24,0
DA:25,0
DA:27,0
DA:32,3
DA:45,0
DA:46,0
DA:47,0
DA:48,0
DA:49,0
DA:50,0
DA:51,0
DA:52,0
DA:53,0
DA:54,0
DA:55,0
DA:84,3
DA:85,0
DA:86,0
DA:87,0
DA:90,3
DA:91,0
DA:92,0
DA:93,0
DA:97,3
DA:98,0
DA:99,0
DA:100,0
DA:105,3
DA:107,0
DA:108,0
DA:109,0
DA:110,0
DA:111,0
DA:116,3
DA:117,0
DA:118,0
DA:119,0
DA:122,3
DA:123,0
DA:124,0
DA:125,0
LF:56
LH:14
BRDA:21,0,0,0
BRDA:21,0,1,0
BRDA:24,1,0,0
BRDA:24,1,1,0
BRDA:47,2,0,0
BRDA:47,2,1,0
BRDA:51,3,0,0
BRDA:51,3,1,0
BRDA:53,4,0,0
BRDA:53,4,1,0
BRDA:110,5,0,0
BRDA:110,5,1,0
BRDA:110,6,0,0
BRDA:110,6,1,0
BRF:14
BRH:0
end_of_record
TN:
SF:src/transtionPage.js
FN:4,(anonymous_0)
FN:21,(anonymous_1)
FN:22,(anonymous_2)
FNF:3
FNH:1
FNDA:4,(anonymous_0)
FNDA:0,(anonymous_1)
FNDA:0,(anonymous_2)
DA:4,1
DA:5,4
DA:6,4
DA:7,4
DA:9,4
DA:11,4
DA:12,0
DA:16,0
DA:17,0
DA:18,0
DA:20,0
DA:21,0
DA:22,0
DA:23,0
LF:14
LH:6
BRF:0
BRH:0
end_of_record
TN:
SF:src/util/allCards.js
FNF:0
FNH:0
DA:1,2
LF:1
LH:1
BRF:0
BRH:0
end_of_record
TN:
SF:test/mocks/cardObjArr.js
FNF:0
FNH:0
DA:2,2
LF:1
LH:1
BRF:0
BRH:0
end_of_record
TN:
SF:test/mocks/fetch.js
FN:1,(anonymous_0)
FN:3,(anonymous_1)
FNF:2
FNH:2
FNDA:2,(anonymous_0)
FNDA:2,(anonymous_1)
DA:1,2
DA:2,2
DA:3,2
LF:3
LH:3
BRF:0
BRH:0
end_of_record
